<?xml version="1.0" encoding="UTF-8"?>
<testsuite name="com.revoult.UserTests" tests="3" skipped="0" failures="0" errors="0" timestamp="2019-07-15T18:38:43" hostname="Lenovo-PC" time="0.003">
  <properties/>
  <testcase name="testUpdateUser" classname="com.revoult.UserTests" time="0.001"/>
  <testcase name="testCreateUser" classname="com.revoult.UserTests" time="0.0"/>
  <testcase name="testDeleteUser" classname="com.revoult.UserTests" time="0.0"/>
  <system-out><![CDATA[]]></system-out>
  <system-err><![CDATA[]]></system-err>
</testsuite>
